<?xml version="1.0" encoding="UTF-8"?>
<testsuite xmlns:xsi="http://www.w3.org/2001/XMLSchema-instance" xsi:noNamespaceSchemaLocation="https://maven.apache.org/surefire/maven-surefire-plugin/xsd/surefire-test-report.xsd" name="fr.esir.mdi.ScientificTest" time="0.022" tests="3" errors="0" skipped="0" failures="0">
  <properties>
[...]
</properties>
  <testcase name="cosinusPI" classname="fr.esir.mdi.ScientificTest" time="0.004"/>
  <testcase name="p0puissance0" classname="fr.esir.mdi.ScientificTest" time="0"/>
  <testcase name="p2puissance2" classname="fr.esir.mdi.ScientificTest" time="0"/>
</testsuite>